<?xml version="1.0" encoding="UTF-8"?>
<!-- Generated by org.testng.reporters.JUnitXMLReporter -->
<testsuite ignored="1" hostname="DESKTOP-VBA44GB" failures="0" tests="1" name="Default test" time="0.033" errors="0" timestamp="2022-02-11T19:56:25 MST">
  <testcase classname="PaulQALearning.MavenJavaProject.RestAPITest" name="deleteTwitter" time="0.006"/>
  <testcase classname="PaulQALearning.MavenJavaProject.RestAPITest" name="postJira" time="0.0">
    <ignored/>
  </testcase> <!-- postJira -->
</testsuite> <!-- Default test -->
