<?xml version="1.0" encoding="UTF-8"?>
<!-- Generated by org.testng.reporters.JUnitXMLReporter -->
<testsuite ignored="0" hostname="DESKTOP-VBA44GB" failures="0" tests="6" name="Test" time="0.038" errors="0" timestamp="2022-04-04T20:50:54 MDT">
  <testcase classname="PaulQALearning.MavenJavaProject.AppiumTest" name="IOSApps" time="0.005"/>
  <testcase classname="PaulQALearning.MavenJavaProject.AppiumTest" name="NativeAppAndroid" time="0.001"/>
  <testcase classname="PaulQALearning.MavenJavaProject.SeleniumTest" name="elementsFun" time="0.0"/>
  <testcase classname="PaulQALearning.MavenJavaProject.RestAPITest" name="deleteFacebook" time="0.001"/>
  <testcase classname="PaulQALearning.MavenJavaProject.RestAPITest" name="deleteTwitter" time="0.001"/>
  <testcase classname="PaulQALearning.MavenJavaProject.RestAPITest" name="postJira" time="0.001"/>
</testsuite> <!-- Test -->
