<?xml version="1.0" encoding="UTF-8"?>
<!-- Generated by org.testng.reporters.JUnitXMLReporter -->
<testsuite ignored="0" hostname="DESKTOP-VBA44GB" failures="0" tests="3" name="Test" time="0.026" errors="0" timestamp="2022-02-11T20:29:17 MST">
  <testcase classname="PaulQALearning.MavenJavaProject.AppiumTest" name="IOSApps" time="0.003"/>
  <testcase classname="PaulQALearning.MavenJavaProject.AppiumTest" name="NativeAppAndroid" time="0.001"/>
  <testcase classname="PaulQALearning.MavenJavaProject.SeleniumTest" name="elementsFun" time="0.0"/>
</testsuite> <!-- Test -->
