<?xml version="1.0" encoding="UTF-8"?>
<testng-results ignored="0" total="3" passed="3" failed="0" skipped="0">
  <reporter-output>
  </reporter-output>
  <suite started-at="2022-02-11T20:29:17 MST" name="Suite" finished-at="2022-02-11T20:29:17 MST" duration-ms="26">
    <groups>
    </groups>
    <test started-at="2022-02-11T20:29:17 MST" name="Test" finished-at="2022-02-11T20:29:17 MST" duration-ms="26">
      <class name="PaulQALearning.MavenJavaProject.SeleniumTest">
        <test-method signature="elementsFun()[pri:0, instance:PaulQALearning.MavenJavaProject.SeleniumTest@149e0f5d]" started-at="2022-02-11T20:29:17 MST" name="elementsFun" finished-at="2022-02-11T20:29:17 MST" duration-ms="0" status="PASS">
          <reporter-output>
          </reporter-output>
        </test-method> <!-- elementsFun -->
      </class> <!-- PaulQALearning.MavenJavaProject.SeleniumTest -->
      <class name="PaulQALearning.MavenJavaProject.AppiumTest">
        <test-method signature="IOSApps()[pri:0, instance:PaulQALearning.MavenJavaProject.AppiumTest@78e117e3]" started-at="2022-02-11T20:29:17 MST" name="IOSApps" finished-at="2022-02-11T20:29:17 MST" duration-ms="3" status="PASS">
          <reporter-output>
          </reporter-output>
        </test-method> <!-- IOSApps -->
        <test-method signature="NativeAppAndroid()[pri:0, instance:PaulQALearning.MavenJavaProject.AppiumTest@78e117e3]" started-at="2022-02-11T20:29:17 MST" name="NativeAppAndroid" finished-at="2022-02-11T20:29:17 MST" duration-ms="1" status="PASS">
          <reporter-output>
          </reporter-output>
        </test-method> <!-- NativeAppAndroid -->
      </class> <!-- PaulQALearning.MavenJavaProject.AppiumTest -->
    </test> <!-- Test -->
  </suite> <!-- Suite -->
</testng-results>
