<?xml version="1.0" encoding="UTF-8"?>
<testng-results ignored="0" total="6" passed="6" failed="0" skipped="0">
  <reporter-output>
  </reporter-output>
  <suite started-at="2022-04-04T20:50:54 MDT" name="Suite" finished-at="2022-04-04T20:50:54 MDT" duration-ms="38">
    <groups>
    </groups>
    <test started-at="2022-04-04T20:50:54 MDT" name="Test" finished-at="2022-04-04T20:50:54 MDT" duration-ms="38">
      <class name="PaulQALearning.MavenJavaProject.SeleniumTest">
        <test-method signature="elementsFun()[pri:0, instance:PaulQALearning.MavenJavaProject.SeleniumTest@5ba3f27a]" started-at="2022-04-04T20:50:54 MDT" name="elementsFun" finished-at="2022-04-04T20:50:54 MDT" duration-ms="0" status="PASS">
          <reporter-output>
          </reporter-output>
        </test-method> <!-- elementsFun -->
      </class> <!-- PaulQALearning.MavenJavaProject.SeleniumTest -->
      <class name="PaulQALearning.MavenJavaProject.AppiumTest">
        <test-method signature="IOSApps()[pri:0, instance:PaulQALearning.MavenJavaProject.AppiumTest@169e6180]" started-at="2022-04-04T20:50:54 MDT" name="IOSApps" finished-at="2022-04-04T20:50:54 MDT" duration-ms="5" status="PASS">
          <reporter-output>
          </reporter-output>
        </test-method> <!-- IOSApps -->
        <test-method signature="NativeAppAndroid()[pri:0, instance:PaulQALearning.MavenJavaProject.AppiumTest@169e6180]" started-at="2022-04-04T20:50:54 MDT" name="NativeAppAndroid" finished-at="2022-04-04T20:50:54 MDT" duration-ms="1" status="PASS">
          <reporter-output>
          </reporter-output>
        </test-method> <!-- NativeAppAndroid -->
      </class> <!-- PaulQALearning.MavenJavaProject.AppiumTest -->
      <class name="PaulQALearning.MavenJavaProject.RestAPITest">
        <test-method signature="deleteFacebook()[pri:0, instance:PaulQALearning.MavenJavaProject.RestAPITest@58d75e99]" started-at="2022-04-04T20:50:54 MDT" name="deleteFacebook" finished-at="2022-04-04T20:50:54 MDT" duration-ms="1" status="PASS">
          <reporter-output>
          </reporter-output>
        </test-method> <!-- deleteFacebook -->
        <test-method signature="deleteTwitter()[pri:0, instance:PaulQALearning.MavenJavaProject.RestAPITest@58d75e99]" started-at="2022-04-04T20:50:54 MDT" name="deleteTwitter" finished-at="2022-04-04T20:50:54 MDT" duration-ms="1" status="PASS">
          <reporter-output>
          </reporter-output>
        </test-method> <!-- deleteTwitter -->
        <test-method signature="postJira()[pri:0, instance:PaulQALearning.MavenJavaProject.RestAPITest@58d75e99]" started-at="2022-04-04T20:50:54 MDT" name="postJira" finished-at="2022-04-04T20:50:54 MDT" duration-ms="1" status="PASS">
          <reporter-output>
          </reporter-output>
        </test-method> <!-- postJira -->
      </class> <!-- PaulQALearning.MavenJavaProject.RestAPITest -->
    </test> <!-- Test -->
  </suite> <!-- Suite -->
</testng-results>
